

Microchip MPLAB XC8 Assembler V2.20 build 20200408173844 
                                                                                               Thu May 14 19:12:40 2020

Microchip MPLAB XC8 C Compiler v2.20 (Free license) build 20200408173844 Og1 
     1                           	processor	18F4550
     2                           	fnconf	rparam,??,?,0
     3                           	pagewidth 120
     4                           	opt	flic
     5                           	psect	cinit,global,reloc=2,class=CODE,delta=1
     6                           	psect	cstackCOMRAM,global,class=COMRAM,space=1,delta=1,lowdata,noexec
     7                           	psect	text0,global,reloc=2,class=CODE,delta=1
     8                           	psect	text1,global,reloc=2,class=CODE,delta=1
     9                           	psect	text2,global,reloc=2,class=CODE,delta=1
    10                           	psect	intsave_regs,global,class=BIGRAM,space=1,delta=1,noexec
    11                           	psect	rparam,global,class=COMRAM,space=1,delta=1,noexec
    12                           	psect	idloc,global,abs,ovrld,class=IDLOC,space=5,delta=1,noexec
    13                           	psect	config,global,abs,ovrld,class=CONFIG,space=4,delta=1,noexec
    14  0000                     
    15                           ; Version 2.20
    16                           ; Generated 12/02/2020 GMT
    17                           ; 
    18                           ; Copyright © 2020, Microchip Technology Inc. and its subsidiaries ("Microchip")
    19                           ; All rights reserved.
    20                           ; 
    21                           ; This software is developed by Microchip Technology Inc. and its subsidiaries ("Microch
      +                          ip").
    22                           ; 
    23                           ; Redistribution and use in source and binary forms, with or without modification, are
    24                           ; permitted provided that the following conditions are met:
    25                           ; 
    26                           ;     1. Redistributions of source code must retain the above copyright notice, this lis
      +                          t of
    27                           ;        conditions and the following disclaimer.
    28                           ; 
    29                           ;     2. Redistributions in binary form must reproduce the above copyright notice, this 
      +                          list
    30                           ;        of conditions and the following disclaimer in the documentation and/or other
    31                           ;        materials provided with the distribution.
    32                           ; 
    33                           ;     3. Microchip's name may not be used to endorse or promote products derived from th
      +                          is
    34                           ;        software without specific prior written permission.
    35                           ; 
    36                           ; THIS SOFTWARE IS PROVIDED BY MICROCHIP "AS IS" AND ANY EXPRESS OR IMPLIED WARRANTIES,
    37                           ; INCLUDING, BUT NOT LIMITED TO, THE IMPLIED WARRANTIES OF MERCHANTABILITY AND FITNESS F
      +                          OR
    38                           ; PURPOSE ARE DISCLAIMED.  IN NO EVENT SHALL MICROCHIP BE LIABLE FOR ANY DIRECT, INDIREC
      +                          T,
    39                           ; INCIDENTAL, SPECIAL, EXEMPLARY, OR CONSEQUENTIAL DAMAGES (INCLUDING BUT NOT LIMITED TO
    40                           ; PROCUREMENT OF SUBSTITUTE GOODS OR SERVICES; LOSS OF USE, DATA OR PROFITS; OR BUSINESS
    41                           ; INTERRUPTION) HOWSOEVER CAUSED AND ON ANY THEORY OF LIABILITY, WHETHER IN CONTRACT, ST
      +                          RICT
    42                           ; LIABILITY, OR TORT (INCLUDING NEGLIGENCE OR OTHERWISE) ARISING IN ANY WAY OUT OF THE U
      +                          SE OF
    43                           ; THIS SOFTWARE, EVEN IF ADVISED OF THE POSSIBILITY OF SUCH DAMAGE.
    44                           ; 
    45                           ; 
    46                           ; Code-generator required, PIC18F4550 Definitions
    47                           ; 
    48                           ; SFR Addresses
    49  0000                     _TRISDbits	set	3989
    50  0000                     _LATDbits	set	3980
    51  0000                     _PORTDbits	set	3971
    52  0000                     _IRCF2	set	32414
    53  0000                     _IRCF1	set	32413
    54  0000                     _IRCF0	set	32412
    55  0000                     _SCS1	set	32409
    56  0000                     _SCS0	set	32408
    57                           
    58                           ; #config settings
    59                           
    60                           	psect	cinit
    61  007FBE                     __pcinit:
    62                           	callstack 0
    63  007FBE                     start_initialization:
    64                           	callstack 0
    65  007FBE                     __initialization:
    66                           	callstack 0
    67  007FBE                     end_of_initialization:
    68                           	callstack 0
    69  007FBE                     __end_of__initialization:
    70                           	callstack 0
    71  007FBE  0100               	movlb	0
    72  007FC0  EFED  F03F         	goto	_main	;jump to C main() function
    73                           
    74                           	psect	cstackCOMRAM
    75  000001                     __pcstackCOMRAM:
    76                           	callstack 0
    77  000001                     ??_main:
    78                           
    79                           ; 1 bytes @ 0x0
    80  000001                     	ds	1
    81  000002                     main@in:
    82                           	callstack 0
    83                           
    84                           ; 1 bytes @ 0x1
    85  000002                     	ds	1
    86                           
    87 ;;
    88 ;;Main: autosize = 0, tempsize = 1, incstack = 0, save=0
    89 ;;
    90 ;; *************** function _main *****************
    91 ;; Defined at:
    92 ;;		line 14 in file "main.c"
    93 ;; Parameters:    Size  Location     Type
    94 ;;		None
    95 ;; Auto vars:     Size  Location     Type
    96 ;;  in              1    1[COMRAM] char 
    97 ;; Return value:  Size  Location     Type
    98 ;;                  1    wreg      void 
    99 ;; Registers used:
   100 ;;		wreg, status,2, status,0, cstack
   101 ;; Tracked objects:
   102 ;;		On entry : 0/0
   103 ;;		On exit  : 0/0
   104 ;;		Unchanged: 0/0
   105 ;; Data sizes:     COMRAM   BANK0   BANK1   BANK2   BANK3   BANK4   BANK5   BANK6   BANK7
   106 ;;      Params:         0       0       0       0       0       0       0       0       0
   107 ;;      Locals:         1       0       0       0       0       0       0       0       0
   108 ;;      Temps:          1       0       0       0       0       0       0       0       0
   109 ;;      Totals:         2       0       0       0       0       0       0       0       0
   110 ;;Total ram usage:        2 bytes
   111 ;; Hardware stack levels required when called:    2
   112 ;; This function calls:
   113 ;;		_port_init
   114 ;; This function is called by:
   115 ;;		Startup code after reset
   116 ;; This function uses a non-reentrant model
   117 ;;
   118                           
   119                           	psect	text0
   120  007FDA                     __ptext0:
   121                           	callstack 0
   122  007FDA                     _main:
   123                           	callstack 29
   124  007FDA                     
   125                           ;main.c: 15:     port_init();
   126  007FDA  ECE2  F03F         	call	_port_init	;wreg free
   127  007FDE                     l720:
   128                           
   129                           ;main.c: 55:         int8_t in = PORTDbits.RD0;
   130  007FDE  0E00               	movlw	0
   131  007FE0  B083               	btfsc	131,0,c	;volatile
   132  007FE2  0E01               	movlw	1
   133  007FE4  6E02               	movwf	main@in^0,c
   134  007FE6                     
   135                           ;main.c: 56:         LATDbits.LATD1 = ~in;
   136  007FE6  5002               	movf	main@in^0,w,c
   137  007FE8  0AFF               	xorlw	255
   138  007FEA  6E01               	movwf	??_main^0,c
   139  007FEC  4601               	rlncf	??_main^0,f,c
   140  007FEE  508C               	movf	140,w,c	;volatile
   141  007FF0  1801               	xorwf	??_main^0,w,c
   142  007FF2  0BFD               	andlw	-3
   143  007FF4  1801               	xorwf	??_main^0,w,c
   144  007FF6  6E8C               	movwf	140,c	;volatile
   145  007FF8  EFEF  F03F         	goto	l720
   146  007FFC  EF00  F000         	goto	start
   147  008000                     __end_of_main:
   148                           	callstack 0
   149                           
   150 ;; *************** function _port_init *****************
   151 ;; Defined at:
   152 ;;		line 63 in file "main.c"
   153 ;; Parameters:    Size  Location     Type
   154 ;;		None
   155 ;; Auto vars:     Size  Location     Type
   156 ;;		None
   157 ;; Return value:  Size  Location     Type
   158 ;;                  1    wreg      void 
   159 ;; Registers used:
   160 ;;		cstack
   161 ;; Tracked objects:
   162 ;;		On entry : 0/0
   163 ;;		On exit  : 0/0
   164 ;;		Unchanged: 0/0
   165 ;; Data sizes:     COMRAM   BANK0   BANK1   BANK2   BANK3   BANK4   BANK5   BANK6   BANK7
   166 ;;      Params:         0       0       0       0       0       0       0       0       0
   167 ;;      Locals:         0       0       0       0       0       0       0       0       0
   168 ;;      Temps:          0       0       0       0       0       0       0       0       0
   169 ;;      Totals:         0       0       0       0       0       0       0       0       0
   170 ;;Total ram usage:        0 bytes
   171 ;; Hardware stack levels used:    1
   172 ;; Hardware stack levels required when called:    1
   173 ;; This function calls:
   174 ;;		_internal_8
   175 ;; This function is called by:
   176 ;;		_main
   177 ;; This function uses a non-reentrant model
   178 ;;
   179                           
   180                           	psect	text1
   181  007FC4                     __ptext1:
   182                           	callstack 0
   183  007FC4                     _port_init:
   184                           	callstack 29
   185  007FC4                     
   186                           ;main.c: 64:     internal_8();
   187  007FC4  ECE7  F03F         	call	_internal_8	;wreg free
   188  007FC8                     
   189                           ;main.c: 65:     TRISDbits.TRISD1 = 0;
   190  007FC8  9295               	bcf	149,1,c	;volatile
   191  007FCA                     
   192                           ;main.c: 69:     TRISDbits.TRISD0 = 1;
   193  007FCA  8095               	bsf	149,0,c	;volatile
   194  007FCC  0012               	return		;funcret
   195  007FCE                     __end_of_port_init:
   196                           	callstack 0
   197                           
   198 ;; *************** function _internal_8 *****************
   199 ;; Defined at:
   200 ;;		line 11 in file "18F4550_Internal.c"
   201 ;; Parameters:    Size  Location     Type
   202 ;;		None
   203 ;; Auto vars:     Size  Location     Type
   204 ;;		None
   205 ;; Return value:  Size  Location     Type
   206 ;;                  1    wreg      void 
   207 ;; Registers used:
   208 ;;		None
   209 ;; Tracked objects:
   210 ;;		On entry : 0/0
   211 ;;		On exit  : 0/0
   212 ;;		Unchanged: 0/0
   213 ;; Data sizes:     COMRAM   BANK0   BANK1   BANK2   BANK3   BANK4   BANK5   BANK6   BANK7
   214 ;;      Params:         0       0       0       0       0       0       0       0       0
   215 ;;      Locals:         0       0       0       0       0       0       0       0       0
   216 ;;      Temps:          0       0       0       0       0       0       0       0       0
   217 ;;      Totals:         0       0       0       0       0       0       0       0       0
   218 ;;Total ram usage:        0 bytes
   219 ;; Hardware stack levels used:    1
   220 ;; This function calls:
   221 ;;		Nothing
   222 ;; This function is called by:
   223 ;;		_port_init
   224 ;; This function uses a non-reentrant model
   225 ;;
   226                           
   227                           	psect	text2
   228  007FCE                     __ptext2:
   229                           	callstack 0
   230  007FCE                     _internal_8:
   231                           	callstack 29
   232  007FCE  90D3               	bcf	4051,0,c	;volatile
   233  007FD0  92D3               	bcf	4051,1,c	;volatile
   234  007FD2  88D3               	bsf	4051,4,c	;volatile
   235  007FD4  8AD3               	bsf	4051,5,c	;volatile
   236  007FD6  8CD3               	bsf	4051,6,c	;volatile
   237  007FD8  0012               	return		;funcret
   238  007FDA                     __end_of_internal_8:
   239                           	callstack 0
   240  0000                     
   241                           	psect	rparam
   242  0000                     
   243                           	psect	idloc
   244                           
   245                           ;Config register IDLOC0 @ 0x200000
   246                           ;	unspecified, using default values
   247  200000                     	org	2097152
   248  200000  FF                 	db	255
   249                           
   250                           ;Config register IDLOC1 @ 0x200001
   251                           ;	unspecified, using default values
   252  200001                     	org	2097153
   253  200001  FF                 	db	255
   254                           
   255                           ;Config register IDLOC2 @ 0x200002
   256                           ;	unspecified, using default values
   257  200002                     	org	2097154
   258  200002  FF                 	db	255
   259                           
   260                           ;Config register IDLOC3 @ 0x200003
   261                           ;	unspecified, using default values
   262  200003                     	org	2097155
   263  200003  FF                 	db	255
   264                           
   265                           ;Config register IDLOC4 @ 0x200004
   266                           ;	unspecified, using default values
   267  200004                     	org	2097156
   268  200004  FF                 	db	255
   269                           
   270                           ;Config register IDLOC5 @ 0x200005
   271                           ;	unspecified, using default values
   272  200005                     	org	2097157
   273  200005  FF                 	db	255
   274                           
   275                           ;Config register IDLOC6 @ 0x200006
   276                           ;	unspecified, using default values
   277  200006                     	org	2097158
   278  200006  FF                 	db	255
   279                           
   280                           ;Config register IDLOC7 @ 0x200007
   281                           ;	unspecified, using default values
   282  200007                     	org	2097159
   283  200007  FF                 	db	255
   284                           
   285                           	psect	config
   286                           
   287                           ;Config register CONFIG1L @ 0x300000
   288                           ;	PLL Prescaler Selection bits
   289                           ;	PLLDIV = 2, Divide by 2 (8 MHz oscillator input)
   290                           ;	System Clock Postscaler Selection bits
   291                           ;	CPUDIV = OSC1_PLL2, [Primary Oscillator Src: /1][96 MHz PLL Src: /2]
   292                           ;	USB Clock Selection bit (used in Full-Speed USB mode only; UCFG:FSEN = 1)
   293                           ;	USBDIV = 1, USB clock source comes directly from the primary oscillator block with no 
      +                          postscale
   294  300000                     	org	3145728
   295  300000  01                 	db	1
   296                           
   297                           ;Config register CONFIG1H @ 0x300001
   298                           ;	Oscillator Selection bits
   299                           ;	FOSC = INTOSC_EC, Internal oscillator, CLKO function on RA6, EC used by USB (INTCKO)
   300                           ;	Fail-Safe Clock Monitor Enable bit
   301                           ;	FCMEN = OFF, Fail-Safe Clock Monitor disabled
   302                           ;	Internal/External Oscillator Switchover bit
   303                           ;	IESO = ON, Oscillator Switchover mode enabled
   304  300001                     	org	3145729
   305  300001  89                 	db	137
   306                           
   307                           ;Config register CONFIG2L @ 0x300002
   308                           ;	Power-up Timer Enable bit
   309                           ;	PWRT = OFF, PWRT disabled
   310                           ;	Brown-out Reset Enable bits
   311                           ;	BOR = ON, Brown-out Reset enabled in hardware only (SBOREN is disabled)
   312                           ;	Brown-out Reset Voltage bits
   313                           ;	BORV = 3, Minimum setting 2.05V
   314                           ;	USB Voltage Regulator Enable bit
   315                           ;	VREGEN = OFF, USB voltage regulator disabled
   316  300002                     	org	3145730
   317  300002  1F                 	db	31
   318                           
   319                           ;Config register CONFIG2H @ 0x300003
   320                           ;	Watchdog Timer Enable bit
   321                           ;	WDT = OFF, WDT disabled (control is placed on the SWDTEN bit)
   322                           ;	Watchdog Timer Postscale Select bits
   323                           ;	WDTPS = 0xF, unprogrammed default
   324  300003                     	org	3145731
   325  300003  1E                 	db	30
   326                           
   327                           ; Padding undefined space
   328  300004                     	org	3145732
   329  300004  FF                 	db	255
   330                           
   331                           ;Config register CONFIG3H @ 0x300005
   332                           ;	CCP2 MUX bit
   333                           ;	CCP2MX = ON, CCP2 input/output is multiplexed with RC1
   334                           ;	PORTB A/D Enable bit
   335                           ;	PBADEN = ON, PORTB<4:0> pins are configured as analog input channels on Reset
   336                           ;	Low-Power Timer 1 Oscillator Enable bit
   337                           ;	LPT1OSC = OFF, Timer1 configured for higher power operation
   338                           ;	MCLR Pin Enable bit
   339                           ;	MCLRE = OFF, RE3 input pin enabled; MCLR pin disabled
   340  300005                     	org	3145733
   341  300005  03                 	db	3
   342                           
   343                           ;Config register CONFIG4L @ 0x300006
   344                           ;	Stack Full/Underflow Reset Enable bit
   345                           ;	STVREN = ON, Stack full/underflow will cause Reset
   346                           ;	Single-Supply ICSP Enable bit
   347                           ;	LVP = ON, Single-Supply ICSP enabled
   348                           ;	Dedicated In-Circuit Debug/Programming Port (ICPORT) Enable bit
   349                           ;	ICPRT = OFF, ICPORT disabled
   350                           ;	Extended Instruction Set Enable bit
   351                           ;	XINST = OFF, Instruction set extension and Indexed Addressing mode disabled (Legacy mo
      +                          de)
   352                           ;	Background Debugger Enable bit
   353                           ;	DEBUG = 0x1, unprogrammed default
   354  300006                     	org	3145734
   355  300006  85                 	db	133
   356                           
   357                           ; Padding undefined space
   358  300007                     	org	3145735
   359  300007  FF                 	db	255
   360                           
   361                           ;Config register CONFIG5L @ 0x300008
   362                           ;	Code Protection bit
   363                           ;	CP0 = OFF, Block 0 (000800-001FFFh) is not code-protected
   364                           ;	Code Protection bit
   365                           ;	CP1 = OFF, Block 1 (002000-003FFFh) is not code-protected
   366                           ;	Code Protection bit
   367                           ;	CP2 = OFF, Block 2 (004000-005FFFh) is not code-protected
   368                           ;	Code Protection bit
   369                           ;	CP3 = OFF, Block 3 (006000-007FFFh) is not code-protected
   370  300008                     	org	3145736
   371  300008  0F                 	db	15
   372                           
   373                           ;Config register CONFIG5H @ 0x300009
   374                           ;	Boot Block Code Protection bit
   375                           ;	CPB = OFF, Boot block (000000-0007FFh) is not code-protected
   376                           ;	Data EEPROM Code Protection bit
   377                           ;	CPD = OFF, Data EEPROM is not code-protected
   378  300009                     	org	3145737
   379  300009  C0                 	db	192
   380                           
   381                           ;Config register CONFIG6L @ 0x30000A
   382                           ;	Write Protection bit
   383                           ;	WRT0 = OFF, Block 0 (000800-001FFFh) is not write-protected
   384                           ;	Write Protection bit
   385                           ;	WRT1 = OFF, Block 1 (002000-003FFFh) is not write-protected
   386                           ;	Write Protection bit
   387                           ;	WRT2 = OFF, Block 2 (004000-005FFFh) is not write-protected
   388                           ;	Write Protection bit
   389                           ;	WRT3 = OFF, Block 3 (006000-007FFFh) is not write-protected
   390  30000A                     	org	3145738
   391  30000A  0F                 	db	15
   392                           
   393                           ;Config register CONFIG6H @ 0x30000B
   394                           ;	Configuration Register Write Protection bit
   395                           ;	WRTC = OFF, Configuration registers (300000-3000FFh) are not write-protected
   396                           ;	Boot Block Write Protection bit
   397                           ;	WRTB = OFF, Boot block (000000-0007FFh) is not write-protected
   398                           ;	Data EEPROM Write Protection bit
   399                           ;	WRTD = OFF, Data EEPROM is not write-protected
   400  30000B                     	org	3145739
   401  30000B  E0                 	db	224
   402                           
   403                           ;Config register CONFIG7L @ 0x30000C
   404                           ;	Table Read Protection bit
   405                           ;	EBTR0 = OFF, Block 0 (000800-001FFFh) is not protected from table reads executed in ot
      +                          her blocks
   406                           ;	Table Read Protection bit
   407                           ;	EBTR1 = OFF, Block 1 (002000-003FFFh) is not protected from table reads executed in ot
      +                          her blocks
   408                           ;	Table Read Protection bit
   409                           ;	EBTR2 = OFF, Block 2 (004000-005FFFh) is not protected from table reads executed in ot
      +                          her blocks
   410                           ;	Table Read Protection bit
   411                           ;	EBTR3 = OFF, Block 3 (006000-007FFFh) is not protected from table reads executed in ot
      +                          her blocks
   412  30000C                     	org	3145740
   413  30000C  0F                 	db	15
   414                           
   415                           ;Config register CONFIG7H @ 0x30000D
   416                           ;	Boot Block Table Read Protection bit
   417                           ;	EBTRB = OFF, Boot block (000000-0007FFh) is not protected from table reads executed in
      +                           other blocks
   418  30000D                     	org	3145741
   419  30000D  40                 	db	64
   420                           tosu	equ	0xFFF
   421                           tosh	equ	0xFFE
   422                           tosl	equ	0xFFD
   423                           stkptr	equ	0xFFC
   424                           pclatu	equ	0xFFB
   425                           pclath	equ	0xFFA
   426                           pcl	equ	0xFF9
   427                           tblptru	equ	0xFF8
   428                           tblptrh	equ	0xFF7
   429                           tblptrl	equ	0xFF6
   430                           tablat	equ	0xFF5
   431                           prodh	equ	0xFF4
   432                           prodl	equ	0xFF3
   433                           indf0	equ	0xFEF
   434                           postinc0	equ	0xFEE
   435                           postdec0	equ	0xFED
   436                           preinc0	equ	0xFEC
   437                           plusw0	equ	0xFEB
   438                           fsr0h	equ	0xFEA
   439                           fsr0l	equ	0xFE9
   440                           wreg	equ	0xFE8
   441                           indf1	equ	0xFE7
   442                           postinc1	equ	0xFE6
   443                           postdec1	equ	0xFE5
   444                           preinc1	equ	0xFE4
   445                           plusw1	equ	0xFE3
   446                           fsr1h	equ	0xFE2
   447                           fsr1l	equ	0xFE1
   448                           bsr	equ	0xFE0
   449                           indf2	equ	0xFDF
   450                           postinc2	equ	0xFDE
   451                           postdec2	equ	0xFDD
   452                           preinc2	equ	0xFDC
   453                           plusw2	equ	0xFDB
   454                           fsr2h	equ	0xFDA
   455                           fsr2l	equ	0xFD9
   456                           status	equ	0xFD8

Data Sizes:
    Strings     0
    Constant    0
    Data        0
    BSS         0
    Persistent  0
    Stack       0

Auto Spaces:
    Space          Size  Autos    Used
    COMRAM           95      2       2
    BANK0           160      0       0
    BANK1           256      0       0
    BANK2           256      0       0
    BANK3           256      0       0
    BANK4           256      0       0
    BANK5           256      0       0
    BANK6           256      0       0
    BANK7           256      0       0

Pointer List with Targets:

    None.

Critical Paths under _main in COMRAM

    None.

Critical Paths under _main in BANK0

    None.

Critical Paths under _main in BANK1

    None.

Critical Paths under _main in BANK2

    None.

Critical Paths under _main in BANK3

    None.

Critical Paths under _main in BANK4

    None.

Critical Paths under _main in BANK5

    None.

Critical Paths under _main in BANK6

    None.

Critical Paths under _main in BANK7

    None.

Call Graph Tables:

 ---------------------------------------------------------------------------------
 (Depth) Function   	        Calls       Base Space   Used Autos Params    Refs
 ---------------------------------------------------------------------------------
 (0) _main                                                 2     2      0      15
                                              0 COMRAM     2     2      0
                          _port_init
 ---------------------------------------------------------------------------------
 (1) _port_init                                            0     0      0       0
                         _internal_8
 ---------------------------------------------------------------------------------
 (2) _internal_8                                           0     0      0       0
 ---------------------------------------------------------------------------------
 Estimated maximum stack depth 2
 ---------------------------------------------------------------------------------

 Call Graph Graphs:

 _main (ROOT)
   _port_init
     _internal_8

 Address spaces:
Name               Size   Autos  Total    Cost      Usage
BITCOMRAM           5F      0       0       0        0.0%
EEDATA             100      0       0       0        0.0%
NULL                 0      0       0       0        0.0%
CODE                 0      0       0       0        0.0%
COMRAM              5F      2       2       1        2.1%
STACK                0      0       0       2        0.0%
DATA                 0      0       0       3        0.0%
BITBANK0            A0      0       0       4        0.0%
BANK0               A0      0       0       5        0.0%
BITBANK1           100      0       0       6        0.0%
BANK1              100      0       0       7        0.0%
BITBANK2           100      0       0       8        0.0%
BANK2              100      0       0       9        0.0%
BITBANK3           100      0       0      10        0.0%
BANK3              100      0       0      11        0.0%
BITBANK4           100      0       0      12        0.0%
BANK4              100      0       0      13        0.0%
BITBANK5           100      0       0      14        0.0%
BANK5              100      0       0      15        0.0%
BITBANK6           100      0       0      16        0.0%
BANK6              100      0       0      17        0.0%
BITBANK7           100      0       0      18        0.0%
BANK7              100      0       0      19        0.0%
ABS                  0      0       0      20        0.0%
BIGRAM             7FF      0       0      21        0.0%
BITSFR               0      0       0     200        0.0%
SFR                  0      0       0     200        0.0%


Microchip Technology PIC18 Macro Assembler V2.20 build 20200408173844 
Symbol Table                                                                                   Thu May 14 19:12:40 2020

                     l13 7FD8                       l34 7FCC                      l710 7FCE  
                    l712 7FC4                      l720 7FDE                      l714 7FC8  
                    l722 7FE6                      l716 7FCA                      l718 7FDA  
                   _SCS0 007E98                     _SCS1 007E99                     _main 7FDA  
                   start 0000             ___param_bank 000000                    ?_main 0001  
                  _IRCF0 007E9C                    _IRCF1 007E9D                    _IRCF2 007E9E  
        __initialization 7FBE             __end_of_main 8000                   ??_main 0001  
          __activetblptr 000000                   main@in 0002               __accesstop 0060  
__end_of__initialization 7FBE            ___rparam_used 000001           __pcstackCOMRAM 0001  
     __size_of_port_init 000A                  __Hparam 0000                  __Lparam 0000  
                __pcinit 7FBE                  __ramtop 0800                  __ptext0 7FDA  
                __ptext1 7FC4                  __ptext2 7FCE               _internal_8 7FCE  
   end_of_initialization 7FBE        __end_of_port_init 7FCE                _PORTDbits 000F83  
              _TRISDbits 000F95              ?_internal_8 0001      start_initialization 7FBE  
    __size_of_internal_8 000C                 _LATDbits 000F8C                _port_init 7FC4  
               __Hrparam 0000                 __Lrparam 0000               ?_port_init 0001  
           ??_internal_8 0001            __size_of_main 0026       __end_of_internal_8 7FDA  
            ??_port_init 0001  
