

Microchip MPLAB XC8 Assembler V2.20 build 20200408173844 
                                                                                               Sun May 24 18:58:44 2020

Microchip MPLAB XC8 C Compiler v2.20 (Free license) build 20200408173844 Og1 
     1                           	processor	18F4550
     2                           	fnconf	rparam,??,?,0
     3                           	pagewidth 120
     4                           	opt	flic
     5                           	psect	cinit,global,reloc=2,class=CODE,delta=1
     6                           	psect	cstackCOMRAM,global,class=COMRAM,space=1,delta=1,lowdata,noexec
     7                           	psect	text0,global,reloc=2,class=CODE,delta=1
     8                           	psect	text1,global,reloc=2,class=CODE,delta=1
     9                           	psect	text2,global,reloc=2,class=CODE,delta=1
    10                           	psect	text3,global,reloc=2,class=CODE,delta=1
    11                           	psect	intcode,global,reloc=2,class=CODE,delta=1
    12                           	psect	intcode_body,global,reloc=2,class=CODE,delta=1
    13                           	psect	intsave_regs,global,class=BIGRAM,space=1,delta=1,noexec
    14                           	psect	rparam,global,class=COMRAM,space=1,delta=1,noexec
    15                           	psect	temp,global,ovrld,common,class=COMRAM,space=1,delta=1
    16                           	psect	idloc,global,abs,ovrld,class=IDLOC,space=5,delta=1,noexec
    17                           	psect	config,global,abs,ovrld,class=CONFIG,space=4,delta=1,noexec
    18  0000                     
    19                           ; Version 2.20
    20                           ; Generated 12/02/2020 GMT
    21                           ; 
    22                           ; Copyright © 2020, Microchip Technology Inc. and its subsidiaries ("Microchip")
    23                           ; All rights reserved.
    24                           ; 
    25                           ; This software is developed by Microchip Technology Inc. and its subsidiaries ("Microch
      +                          ip").
    26                           ; 
    27                           ; Redistribution and use in source and binary forms, with or without modification, are
    28                           ; permitted provided that the following conditions are met:
    29                           ; 
    30                           ;     1. Redistributions of source code must retain the above copyright notice, this lis
      +                          t of
    31                           ;        conditions and the following disclaimer.
    32                           ; 
    33                           ;     2. Redistributions in binary form must reproduce the above copyright notice, this 
      +                          list
    34                           ;        of conditions and the following disclaimer in the documentation and/or other
    35                           ;        materials provided with the distribution.
    36                           ; 
    37                           ;     3. Microchip's name may not be used to endorse or promote products derived from th
      +                          is
    38                           ;        software without specific prior written permission.
    39                           ; 
    40                           ; THIS SOFTWARE IS PROVIDED BY MICROCHIP "AS IS" AND ANY EXPRESS OR IMPLIED WARRANTIES,
    41                           ; INCLUDING, BUT NOT LIMITED TO, THE IMPLIED WARRANTIES OF MERCHANTABILITY AND FITNESS F
      +                          OR
    42                           ; PURPOSE ARE DISCLAIMED.  IN NO EVENT SHALL MICROCHIP BE LIABLE FOR ANY DIRECT, INDIREC
      +                          T,
    43                           ; INCIDENTAL, SPECIAL, EXEMPLARY, OR CONSEQUENTIAL DAMAGES (INCLUDING BUT NOT LIMITED TO
    44                           ; PROCUREMENT OF SUBSTITUTE GOODS OR SERVICES; LOSS OF USE, DATA OR PROFITS; OR BUSINESS
    45                           ; INTERRUPTION) HOWSOEVER CAUSED AND ON ANY THEORY OF LIABILITY, WHETHER IN CONTRACT, ST
      +                          RICT
    46                           ; LIABILITY, OR TORT (INCLUDING NEGLIGENCE OR OTHERWISE) ARISING IN ANY WAY OUT OF THE U
      +                          SE OF
    47                           ; THIS SOFTWARE, EVEN IF ADVISED OF THE POSSIBILITY OF SUCH DAMAGE.
    48                           ; 
    49                           ; 
    50                           ; Code-generator required, PIC18F4550 Definitions
    51                           ; 
    52                           ; SFR Addresses
    53  0000                     _TMR0	set	4054
    54  0000                     _INTCONbits	set	4082
    55  0000                     _T0CON	set	4053
    56  0000                     _PORTEbits	set	3972
    57  0000                     _TRISDbits	set	3989
    58  0000                     _PORTDbits	set	3971
    59  0000                     _LATDbits	set	3980
    60  0000                     _IRCF2	set	32414
    61  0000                     _IRCF1	set	32413
    62  0000                     _IRCF0	set	32412
    63  0000                     _SCS1	set	32409
    64  0000                     _SCS0	set	32408
    65  0000                     _T0IF	set	32658
    66                           
    67                           ; #config settings
    68                           
    69                           	psect	cinit
    70  000096                     __pcinit:
    71                           	callstack 0
    72  000096                     start_initialization:
    73                           	callstack 0
    74  000096                     __initialization:
    75                           	callstack 0
    76  000096                     end_of_initialization:
    77                           	callstack 0
    78  000096                     __end_of__initialization:
    79                           	callstack 0
    80  000096  9002               	bcf	int$flags,0,c	;clear compiler interrupt flag (level 1)
    81  000098  9202               	bcf	int$flags,1,c	;clear compiler interrupt flag (level 2)
    82  00009A  0100               	movlb	0
    83  00009C  EF09  F000         	goto	_main	;jump to C main() function
    84                           
    85                           	psect	cstackCOMRAM
    86  000001                     __pcstackCOMRAM:
    87                           	callstack 0
    88  000001                     ??_main:
    89                           
    90                           ; 1 bytes @ 0x0
    91  000001                     	ds	1
    92                           
    93 ;;
    94 ;;Main: autosize = 0, tempsize = 1, incstack = 0, save=0
    95 ;;
    96 ;; *************** function _main *****************
    97 ;; Defined at:
    98 ;;		line 26 in file "main.c"
    99 ;; Parameters:    Size  Location     Type
   100 ;;		None
   101 ;; Auto vars:     Size  Location     Type
   102 ;;		None
   103 ;; Return value:  Size  Location     Type
   104 ;;                  1    wreg      void 
   105 ;; Registers used:
   106 ;;		wreg, status,2, status,0, cstack
   107 ;; Tracked objects:
   108 ;;		On entry : 0/0
   109 ;;		On exit  : 0/0
   110 ;;		Unchanged: 0/0
   111 ;; Data sizes:     COMRAM   BANK0   BANK1   BANK2   BANK3   BANK4   BANK5   BANK6   BANK7
   112 ;;      Params:         0       0       0       0       0       0       0       0       0
   113 ;;      Locals:         0       0       0       0       0       0       0       0       0
   114 ;;      Temps:          1       0       0       0       0       0       0       0       0
   115 ;;      Totals:         1       0       0       0       0       0       0       0       0
   116 ;;Total ram usage:        1 bytes
   117 ;; Hardware stack levels required when called:    3
   118 ;; This function calls:
   119 ;;		_port_init
   120 ;;		_timer0_init
   121 ;; This function is called by:
   122 ;;		Startup code after reset
   123 ;; This function uses a non-reentrant model
   124 ;;
   125                           
   126                           	psect	text0
   127  000012                     __ptext0:
   128                           	callstack 0
   129  000012                     _main:
   130                           	callstack 28
   131  000012                     
   132                           ;main.c: 27:     port_init();
   133  000012  EC3C  F000         	call	_port_init	;wreg free
   134  000016                     
   135                           ;main.c: 28:     timer0_init();
   136  000016  EC33  F000         	call	_timer0_init	;wreg free
   137  00001A                     l765:
   138                           
   139                           ;main.c: 32:        LATDbits.LATD2 = ~PORTDbits.RD0;
   140  00001A  B083               	btfsc	131,0,c	;volatile
   141  00001C  EF12  F000         	goto	u21
   142  000020  EF15  F000         	goto	u20
   143  000024                     u21:
   144  000024  0E01               	movlw	1
   145  000026  EF16  F000         	goto	u26
   146  00002A                     u20:
   147  00002A  0E00               	movlw	0
   148  00002C                     u26:
   149  00002C  0AFF               	xorlw	255
   150  00002E  6E01               	movwf	??_main^0,c
   151  000030  4601               	rlncf	??_main^0,f,c
   152  000032  4601               	rlncf	??_main^0,f,c
   153  000034  508C               	movf	140,w,c	;volatile
   154  000036  1801               	xorwf	??_main^0,w,c
   155  000038  0BFB               	andlw	-5
   156  00003A  1801               	xorwf	??_main^0,w,c
   157  00003C  6E8C               	movwf	140,c	;volatile
   158  00003E  EF0D  F000         	goto	l765
   159  000042  EF07  F000         	goto	start
   160  000046                     __end_of_main:
   161                           	callstack 0
   162                           
   163 ;; *************** function _timer0_init *****************
   164 ;; Defined at:
   165 ;;		line 54 in file "main.c"
   166 ;; Parameters:    Size  Location     Type
   167 ;;		None
   168 ;; Auto vars:     Size  Location     Type
   169 ;;		None
   170 ;; Return value:  Size  Location     Type
   171 ;;                  1    wreg      void 
   172 ;; Registers used:
   173 ;;		wreg, status,2
   174 ;; Tracked objects:
   175 ;;		On entry : 0/0
   176 ;;		On exit  : 0/0
   177 ;;		Unchanged: 0/0
   178 ;; Data sizes:     COMRAM   BANK0   BANK1   BANK2   BANK3   BANK4   BANK5   BANK6   BANK7
   179 ;;      Params:         0       0       0       0       0       0       0       0       0
   180 ;;      Locals:         0       0       0       0       0       0       0       0       0
   181 ;;      Temps:          0       0       0       0       0       0       0       0       0
   182 ;;      Totals:         0       0       0       0       0       0       0       0       0
   183 ;;Total ram usage:        0 bytes
   184 ;; Hardware stack levels used:    1
   185 ;; Hardware stack levels required when called:    1
   186 ;; This function calls:
   187 ;;		Nothing
   188 ;; This function is called by:
   189 ;;		_main
   190 ;; This function uses a non-reentrant model
   191 ;;
   192                           
   193                           	psect	text1
   194  000066                     __ptext1:
   195                           	callstack 0
   196  000066                     _timer0_init:
   197                           	callstack 29
   198  000066                     
   199                           ;main.c: 55:     TMR0 = 0xE17B;
   200  000066  0EE1               	movlw	225
   201  000068  6ED7               	movwf	215,c	;volatile
   202  00006A  0E7B               	movlw	123
   203  00006C  6ED6               	movwf	214,c	;volatile
   204                           
   205                           ;main.c: 56:     T0CON = 0X87;
   206  00006E  0E87               	movlw	135
   207  000070  6ED5               	movwf	213,c	;volatile
   208  000072                     
   209                           ;main.c: 57:     INTCONbits.GIE = 1;
   210  000072  8EF2               	bsf	242,7,c	;volatile
   211  000074                     
   212                           ;main.c: 58:     INTCONbits.TMR0IE = 1;
   213  000074  8AF2               	bsf	242,5,c	;volatile
   214  000076  0012               	return		;funcret
   215  000078                     __end_of_timer0_init:
   216                           	callstack 0
   217                           
   218 ;; *************** function _port_init *****************
   219 ;; Defined at:
   220 ;;		line 41 in file "main.c"
   221 ;; Parameters:    Size  Location     Type
   222 ;;		None
   223 ;; Auto vars:     Size  Location     Type
   224 ;;		None
   225 ;; Return value:  Size  Location     Type
   226 ;;                  1    wreg      void 
   227 ;; Registers used:
   228 ;;		cstack
   229 ;; Tracked objects:
   230 ;;		On entry : 0/0
   231 ;;		On exit  : 0/0
   232 ;;		Unchanged: 0/0
   233 ;; Data sizes:     COMRAM   BANK0   BANK1   BANK2   BANK3   BANK4   BANK5   BANK6   BANK7
   234 ;;      Params:         0       0       0       0       0       0       0       0       0
   235 ;;      Locals:         0       0       0       0       0       0       0       0       0
   236 ;;      Temps:          0       0       0       0       0       0       0       0       0
   237 ;;      Totals:         0       0       0       0       0       0       0       0       0
   238 ;;Total ram usage:        0 bytes
   239 ;; Hardware stack levels used:    1
   240 ;; Hardware stack levels required when called:    2
   241 ;; This function calls:
   242 ;;		_internal_8
   243 ;; This function is called by:
   244 ;;		_main
   245 ;; This function uses a non-reentrant model
   246 ;;
   247                           
   248                           	psect	text2
   249  000078                     __ptext2:
   250                           	callstack 0
   251  000078                     _port_init:
   252                           	callstack 28
   253  000078                     
   254                           ;main.c: 42:     internal_8();
   255  000078  EC45  F000         	call	_internal_8	;wreg free
   256  00007C                     
   257                           ;main.c: 43:     TRISDbits.TRISD1 = 0;
   258  00007C  9295               	bcf	149,1,c	;volatile
   259  00007E                     
   260                           ;main.c: 44:     TRISDbits.TRISD2 = 0;
   261  00007E  9495               	bcf	149,2,c	;volatile
   262  000080                     
   263                           ;main.c: 46:     PORTEbits.RDPU = 1;
   264  000080  8E84               	bsf	132,7,c	;volatile
   265  000082                     
   266                           ;main.c: 47:     TRISDbits.TRISD0 = 1;
   267  000082  8095               	bsf	149,0,c	;volatile
   268  000084                     
   269                           ;main.c: 48:     LATDbits.LATD1 = 0;
   270  000084  928C               	bcf	140,1,c	;volatile
   271  000086                     
   272                           ;main.c: 49:     LATDbits.LATD2 = 0;
   273  000086  948C               	bcf	140,2,c	;volatile
   274  000088  0012               	return		;funcret
   275  00008A                     __end_of_port_init:
   276                           	callstack 0
   277                           
   278 ;; *************** function _internal_8 *****************
   279 ;; Defined at:
   280 ;;		line 11 in file "18F4550_Internal.c"
   281 ;; Parameters:    Size  Location     Type
   282 ;;		None
   283 ;; Auto vars:     Size  Location     Type
   284 ;;		None
   285 ;; Return value:  Size  Location     Type
   286 ;;                  1    wreg      void 
   287 ;; Registers used:
   288 ;;		None
   289 ;; Tracked objects:
   290 ;;		On entry : 0/0
   291 ;;		On exit  : 0/0
   292 ;;		Unchanged: 0/0
   293 ;; Data sizes:     COMRAM   BANK0   BANK1   BANK2   BANK3   BANK4   BANK5   BANK6   BANK7
   294 ;;      Params:         0       0       0       0       0       0       0       0       0
   295 ;;      Locals:         0       0       0       0       0       0       0       0       0
   296 ;;      Temps:          0       0       0       0       0       0       0       0       0
   297 ;;      Totals:         0       0       0       0       0       0       0       0       0
   298 ;;Total ram usage:        0 bytes
   299 ;; Hardware stack levels used:    1
   300 ;; Hardware stack levels required when called:    1
   301 ;; This function calls:
   302 ;;		Nothing
   303 ;; This function is called by:
   304 ;;		_port_init
   305 ;; This function uses a non-reentrant model
   306 ;;
   307                           
   308                           	psect	text3
   309  00008A                     __ptext3:
   310                           	callstack 0
   311  00008A                     _internal_8:
   312                           	callstack 28
   313  00008A  90D3               	bcf	4051,0,c	;volatile
   314  00008C  92D3               	bcf	4051,1,c	;volatile
   315  00008E  88D3               	bsf	4051,4,c	;volatile
   316  000090  8AD3               	bsf	4051,5,c	;volatile
   317  000092  8CD3               	bsf	4051,6,c	;volatile
   318  000094  0012               	return		;funcret
   319  000096                     __end_of_internal_8:
   320                           	callstack 0
   321                           
   322 ;; *************** function _ISR *****************
   323 ;; Defined at:
   324 ;;		line 15 in file "main.c"
   325 ;; Parameters:    Size  Location     Type
   326 ;;		None
   327 ;; Auto vars:     Size  Location     Type
   328 ;;		None
   329 ;; Return value:  Size  Location     Type
   330 ;;                  1    wreg      void 
   331 ;; Registers used:
   332 ;;		wreg, status,2, status,0
   333 ;; Tracked objects:
   334 ;;		On entry : 0/0
   335 ;;		On exit  : 0/0
   336 ;;		Unchanged: 0/0
   337 ;; Data sizes:     COMRAM   BANK0   BANK1   BANK2   BANK3   BANK4   BANK5   BANK6   BANK7
   338 ;;      Params:         0       0       0       0       0       0       0       0       0
   339 ;;      Locals:         0       0       0       0       0       0       0       0       0
   340 ;;      Temps:          0       0       0       0       0       0       0       0       0
   341 ;;      Totals:         0       0       0       0       0       0       0       0       0
   342 ;;Total ram usage:        0 bytes
   343 ;; Hardware stack levels used:    1
   344 ;; This function calls:
   345 ;;		Nothing
   346 ;; This function is called by:
   347 ;;		Interrupt level 2
   348 ;; This function uses a non-reentrant model
   349 ;;
   350                           
   351                           	psect	intcode
   352  000008                     __pintcode:
   353                           	callstack 0
   354  000008                     _ISR:
   355                           	callstack 28
   356                           
   357                           ;incstack = 0
   358  000008  8202               	bsf	int$flags,1,c	;set compiler interrupt flag (level 2)
   359  00000A  ED23  F000         	call	int_func,f	;refresh shadow registers
   360                           
   361                           	psect	intcode_body
   362  000046                     __pintcode_body:
   363                           	callstack 28
   364  000046                     int_func:
   365                           	callstack 28
   366  000046  0006               	pop		; remove dummy address from shadow register refresh
   367  000048                     
   368                           ;main.c: 17:        if(T0IF)
   369  000048  A4F2               	btfss	4082,2,c	;volatile
   370  00004A  EF29  F000         	goto	i2u1_41
   371  00004E  EF2B  F000         	goto	i2u1_40
   372  000052                     i2u1_41:
   373  000052  EF31  F000         	goto	i2l28
   374  000056                     i2u1_40:
   375  000056                     
   376                           ;main.c: 18:     {;main.c: 19:         LATDbits.LATD1^=1;
   377  000056  728C               	btg	140,1,c	;volatile
   378  000058                     
   379                           ;main.c: 20:         TMR0 = 0xE17B;
   380  000058  0EE1               	movlw	225
   381  00005A  6ED7               	movwf	215,c	;volatile
   382  00005C  0E7B               	movlw	123
   383  00005E  6ED6               	movwf	214,c	;volatile
   384  000060                     
   385                           ;main.c: 21:         T0IF = 0;
   386  000060  94F2               	bcf	4082,2,c	;volatile
   387  000062                     i2l28:
   388  000062  9202               	bcf	int$flags,1,c	;clear compiler interrupt flag (level 2)
   389  000064  0011               	retfie		f
   390  000066                     __end_of_ISR:
   391                           	callstack 0
   392  0000                     
   393                           	psect	rparam
   394  0000                     
   395                           	psect	temp
   396  000002                     btemp:
   397                           	callstack 0
   398  000002                     	ds	1
   399  0000                     int$flags	set	btemp
   400  0000                     wtemp8	set	btemp+1
   401  0000                     ttemp5	set	btemp+1
   402  0000                     ttemp6	set	btemp+4
   403  0000                     ttemp7	set	btemp+8
   404                           
   405                           	psect	idloc
   406                           
   407                           ;Config register IDLOC0 @ 0x200000
   408                           ;	unspecified, using default values
   409  200000                     	org	2097152
   410  200000  FF                 	db	255
   411                           
   412                           ;Config register IDLOC1 @ 0x200001
   413                           ;	unspecified, using default values
   414  200001                     	org	2097153
   415  200001  FF                 	db	255
   416                           
   417                           ;Config register IDLOC2 @ 0x200002
   418                           ;	unspecified, using default values
   419  200002                     	org	2097154
   420  200002  FF                 	db	255
   421                           
   422                           ;Config register IDLOC3 @ 0x200003
   423                           ;	unspecified, using default values
   424  200003                     	org	2097155
   425  200003  FF                 	db	255
   426                           
   427                           ;Config register IDLOC4 @ 0x200004
   428                           ;	unspecified, using default values
   429  200004                     	org	2097156
   430  200004  FF                 	db	255
   431                           
   432                           ;Config register IDLOC5 @ 0x200005
   433                           ;	unspecified, using default values
   434  200005                     	org	2097157
   435  200005  FF                 	db	255
   436                           
   437                           ;Config register IDLOC6 @ 0x200006
   438                           ;	unspecified, using default values
   439  200006                     	org	2097158
   440  200006  FF                 	db	255
   441                           
   442                           ;Config register IDLOC7 @ 0x200007
   443                           ;	unspecified, using default values
   444  200007                     	org	2097159
   445  200007  FF                 	db	255
   446                           
   447                           	psect	config
   448                           
   449                           ;Config register CONFIG1L @ 0x300000
   450                           ;	PLL Prescaler Selection bits
   451                           ;	PLLDIV = 2, Divide by 2 (8 MHz oscillator input)
   452                           ;	System Clock Postscaler Selection bits
   453                           ;	CPUDIV = OSC1_PLL2, [Primary Oscillator Src: /1][96 MHz PLL Src: /2]
   454                           ;	USB Clock Selection bit (used in Full-Speed USB mode only; UCFG:FSEN = 1)
   455                           ;	USBDIV = 1, USB clock source comes directly from the primary oscillator block with no 
      +                          postscale
   456  300000                     	org	3145728
   457  300000  01                 	db	1
   458                           
   459                           ;Config register CONFIG1H @ 0x300001
   460                           ;	Oscillator Selection bits
   461                           ;	FOSC = INTOSC_EC, Internal oscillator, CLKO function on RA6, EC used by USB (INTCKO)
   462                           ;	Fail-Safe Clock Monitor Enable bit
   463                           ;	FCMEN = OFF, Fail-Safe Clock Monitor disabled
   464                           ;	Internal/External Oscillator Switchover bit
   465                           ;	IESO = ON, Oscillator Switchover mode enabled
   466  300001                     	org	3145729
   467  300001  89                 	db	137
   468                           
   469                           ;Config register CONFIG2L @ 0x300002
   470                           ;	Power-up Timer Enable bit
   471                           ;	PWRT = OFF, PWRT disabled
   472                           ;	Brown-out Reset Enable bits
   473                           ;	BOR = ON, Brown-out Reset enabled in hardware only (SBOREN is disabled)
   474                           ;	Brown-out Reset Voltage bits
   475                           ;	BORV = 3, Minimum setting 2.05V
   476                           ;	USB Voltage Regulator Enable bit
   477                           ;	VREGEN = OFF, USB voltage regulator disabled
   478  300002                     	org	3145730
   479  300002  1F                 	db	31
   480                           
   481                           ;Config register CONFIG2H @ 0x300003
   482                           ;	Watchdog Timer Enable bit
   483                           ;	WDT = OFF, WDT disabled (control is placed on the SWDTEN bit)
   484                           ;	Watchdog Timer Postscale Select bits
   485                           ;	WDTPS = 0xF, unprogrammed default
   486  300003                     	org	3145731
   487  300003  1E                 	db	30
   488                           
   489                           ; Padding undefined space
   490  300004                     	org	3145732
   491  300004  FF                 	db	255
   492                           
   493                           ;Config register CONFIG3H @ 0x300005
   494                           ;	CCP2 MUX bit
   495                           ;	CCP2MX = ON, CCP2 input/output is multiplexed with RC1
   496                           ;	PORTB A/D Enable bit
   497                           ;	PBADEN = ON, PORTB<4:0> pins are configured as analog input channels on Reset
   498                           ;	Low-Power Timer 1 Oscillator Enable bit
   499                           ;	LPT1OSC = OFF, Timer1 configured for higher power operation
   500                           ;	MCLR Pin Enable bit
   501                           ;	MCLRE = OFF, RE3 input pin enabled; MCLR pin disabled
   502  300005                     	org	3145733
   503  300005  03                 	db	3
   504                           
   505                           ;Config register CONFIG4L @ 0x300006
   506                           ;	Stack Full/Underflow Reset Enable bit
   507                           ;	STVREN = ON, Stack full/underflow will cause Reset
   508                           ;	Single-Supply ICSP Enable bit
   509                           ;	LVP = OFF, Single-Supply ICSP disabled
   510                           ;	Dedicated In-Circuit Debug/Programming Port (ICPORT) Enable bit
   511                           ;	ICPRT = OFF, ICPORT disabled
   512                           ;	Extended Instruction Set Enable bit
   513                           ;	XINST = OFF, Instruction set extension and Indexed Addressing mode disabled (Legacy mo
      +                          de)
   514                           ;	Background Debugger Enable bit
   515                           ;	DEBUG = 0x1, unprogrammed default
   516  300006                     	org	3145734
   517  300006  81                 	db	129
   518                           
   519                           ; Padding undefined space
   520  300007                     	org	3145735
   521  300007  FF                 	db	255
   522                           
   523                           ;Config register CONFIG5L @ 0x300008
   524                           ;	Code Protection bit
   525                           ;	CP0 = OFF, Block 0 (000800-001FFFh) is not code-protected
   526                           ;	Code Protection bit
   527                           ;	CP1 = OFF, Block 1 (002000-003FFFh) is not code-protected
   528                           ;	Code Protection bit
   529                           ;	CP2 = OFF, Block 2 (004000-005FFFh) is not code-protected
   530                           ;	Code Protection bit
   531                           ;	CP3 = OFF, Block 3 (006000-007FFFh) is not code-protected
   532  300008                     	org	3145736
   533  300008  0F                 	db	15
   534                           
   535                           ;Config register CONFIG5H @ 0x300009
   536                           ;	Boot Block Code Protection bit
   537                           ;	CPB = OFF, Boot block (000000-0007FFh) is not code-protected
   538                           ;	Data EEPROM Code Protection bit
   539                           ;	CPD = OFF, Data EEPROM is not code-protected
   540  300009                     	org	3145737
   541  300009  C0                 	db	192
   542                           
   543                           ;Config register CONFIG6L @ 0x30000A
   544                           ;	Write Protection bit
   545                           ;	WRT0 = OFF, Block 0 (000800-001FFFh) is not write-protected
   546                           ;	Write Protection bit
   547                           ;	WRT1 = OFF, Block 1 (002000-003FFFh) is not write-protected
   548                           ;	Write Protection bit
   549                           ;	WRT2 = OFF, Block 2 (004000-005FFFh) is not write-protected
   550                           ;	Write Protection bit
   551                           ;	WRT3 = OFF, Block 3 (006000-007FFFh) is not write-protected
   552  30000A                     	org	3145738
   553  30000A  0F                 	db	15
   554                           
   555                           ;Config register CONFIG6H @ 0x30000B
   556                           ;	Configuration Register Write Protection bit
   557                           ;	WRTC = OFF, Configuration registers (300000-3000FFh) are not write-protected
   558                           ;	Boot Block Write Protection bit
   559                           ;	WRTB = OFF, Boot block (000000-0007FFh) is not write-protected
   560                           ;	Data EEPROM Write Protection bit
   561                           ;	WRTD = OFF, Data EEPROM is not write-protected
   562  30000B                     	org	3145739
   563  30000B  E0                 	db	224
   564                           
   565                           ;Config register CONFIG7L @ 0x30000C
   566                           ;	Table Read Protection bit
   567                           ;	EBTR0 = OFF, Block 0 (000800-001FFFh) is not protected from table reads executed in ot
      +                          her blocks
   568                           ;	Table Read Protection bit
   569                           ;	EBTR1 = OFF, Block 1 (002000-003FFFh) is not protected from table reads executed in ot
      +                          her blocks
   570                           ;	Table Read Protection bit
   571                           ;	EBTR2 = OFF, Block 2 (004000-005FFFh) is not protected from table reads executed in ot
      +                          her blocks
   572                           ;	Table Read Protection bit
   573                           ;	EBTR3 = OFF, Block 3 (006000-007FFFh) is not protected from table reads executed in ot
      +                          her blocks
   574  30000C                     	org	3145740
   575  30000C  0F                 	db	15
   576                           
   577                           ;Config register CONFIG7H @ 0x30000D
   578                           ;	Boot Block Table Read Protection bit
   579                           ;	EBTRB = OFF, Boot block (000000-0007FFh) is not protected from table reads executed in
      +                           other blocks
   580  30000D                     	org	3145741
   581  30000D  40                 	db	64
   582                           tosu	equ	0xFFF
   583                           tosh	equ	0xFFE
   584                           tosl	equ	0xFFD
   585                           stkptr	equ	0xFFC
   586                           pclatu	equ	0xFFB
   587                           pclath	equ	0xFFA
   588                           pcl	equ	0xFF9
   589                           tblptru	equ	0xFF8
   590                           tblptrh	equ	0xFF7
   591                           tblptrl	equ	0xFF6
   592                           tablat	equ	0xFF5
   593                           prodh	equ	0xFF4
   594                           prodl	equ	0xFF3
   595                           indf0	equ	0xFEF
   596                           postinc0	equ	0xFEE
   597                           postdec0	equ	0xFED
   598                           preinc0	equ	0xFEC
   599                           plusw0	equ	0xFEB
   600                           fsr0h	equ	0xFEA
   601                           fsr0l	equ	0xFE9
   602                           wreg	equ	0xFE8
   603                           indf1	equ	0xFE7
   604                           postinc1	equ	0xFE6
   605                           postdec1	equ	0xFE5
   606                           preinc1	equ	0xFE4
   607                           plusw1	equ	0xFE3
   608                           fsr1h	equ	0xFE2
   609                           fsr1l	equ	0xFE1
   610                           bsr	equ	0xFE0
   611                           indf2	equ	0xFDF
   612                           postinc2	equ	0xFDE
   613                           postdec2	equ	0xFDD
   614                           preinc2	equ	0xFDC
   615                           plusw2	equ	0xFDB
   616                           fsr2h	equ	0xFDA
   617                           fsr2l	equ	0xFD9
   618                           status	equ	0xFD8

Data Sizes:
    Strings     0
    Constant    0
    Data        0
    BSS         0
    Persistent  0
    Stack       0

Auto Spaces:
    Space          Size  Autos    Used
    COMRAM           94      1       1
    BANK0           160      0       0
    BANK1           256      0       0
    BANK2           256      0       0
    BANK3           256      0       0
    BANK4           256      0       0
    BANK5           256      0       0
    BANK6           256      0       0
    BANK7           256      0       0

Pointer List with Targets:

    None.

Critical Paths under _main in COMRAM

    None.

Critical Paths under _ISR in COMRAM

    None.

Critical Paths under _main in BANK0

    None.

Critical Paths under _ISR in BANK0

    None.

Critical Paths under _main in BANK1

    None.

Critical Paths under _ISR in BANK1

    None.

Critical Paths under _main in BANK2

    None.

Critical Paths under _ISR in BANK2

    None.

Critical Paths under _main in BANK3

    None.

Critical Paths under _ISR in BANK3

    None.

Critical Paths under _main in BANK4

    None.

Critical Paths under _ISR in BANK4

    None.

Critical Paths under _main in BANK5

    None.

Critical Paths under _ISR in BANK5

    None.

Critical Paths under _main in BANK6

    None.

Critical Paths under _ISR in BANK6

    None.

Critical Paths under _main in BANK7

    None.

Critical Paths under _ISR in BANK7

    None.

Call Graph Tables:

 ---------------------------------------------------------------------------------
 (Depth) Function   	        Calls       Base Space   Used Autos Params    Refs
 ---------------------------------------------------------------------------------
 (0) _main                                                 1     1      0       0
                                              0 COMRAM     1     1      0
                          _port_init
                        _timer0_init
 ---------------------------------------------------------------------------------
 (1) _timer0_init                                          0     0      0       0
 ---------------------------------------------------------------------------------
 (1) _port_init                                            0     0      0       0
                         _internal_8
 ---------------------------------------------------------------------------------
 (2) _internal_8                                           0     0      0       0
 ---------------------------------------------------------------------------------
 Estimated maximum stack depth 2
 ---------------------------------------------------------------------------------
 (Depth) Function   	        Calls       Base Space   Used Autos Params    Refs
 ---------------------------------------------------------------------------------
 (3) _ISR                                                  0     0      0       0
 ---------------------------------------------------------------------------------
 Estimated maximum stack depth 3
 ---------------------------------------------------------------------------------

 Call Graph Graphs:

 _main (ROOT)
   _port_init
     _internal_8
   _timer0_init

 _ISR (ROOT)

 Address spaces:
Name               Size   Autos  Total    Cost      Usage
BITCOMRAM           5E      0       0       0        0.0%
EEDATA             100      0       0       0        0.0%
NULL                 0      0       0       0        0.0%
CODE                 0      0       0       0        0.0%
COMRAM              5E      1       1       1        1.1%
STACK                0      0       0       2        0.0%
DATA                 0      0       0       3        0.0%
BITBANK0            A0      0       0       4        0.0%
BANK0               A0      0       0       5        0.0%
BITBANK1           100      0       0       6        0.0%
BANK1              100      0       0       7        0.0%
BITBANK2           100      0       0       8        0.0%
BANK2              100      0       0       9        0.0%
BITBANK3           100      0       0      10        0.0%
BANK3              100      0       0      11        0.0%
BITBANK4           100      0       0      12        0.0%
BANK4              100      0       0      13        0.0%
BITBANK5           100      0       0      14        0.0%
BANK5              100      0       0      15        0.0%
BITBANK6           100      0       0      16        0.0%
BANK6              100      0       0      17        0.0%
BITBANK7           100      0       0      18        0.0%
BANK7              100      0       0      19        0.0%
ABS                  0      0       0      20        0.0%
BIGRAM             7FF      0       0      21        0.0%
BITSFR               0      0       0     200        0.0%
SFR                  0      0       0     200        0.0%


Microchip Technology PIC18 Macro Assembler V2.20 build 20200408173844 
Symbol Table                                                                                   Sun May 24 18:58:44 2020

                     l42 0076                       l55 0094                       l39 0088  
                     u20 002A                       u21 0024                       u26 002C  
                    l731 008A                      l741 0082                      l733 0078  
                    l743 0084                      l735 007C                      l751 0074  
                    l745 0086                      l737 007E                      l761 0012  
                    l739 0080                      l747 0066                      l763 0016  
                    l749 0072                      l765 001A                      _ISR 0008  
                   ?_ISR 0001                     _T0IF 007F92                     _SCS0 007E98  
                   _SCS1 007E99                     i2l28 0062                     _TMR0 000FD6  
                   _main 0012                     btemp 0002                     start 000E  
           ___param_bank 000000                    ??_ISR 0001                    ?_main 0001  
                  _T0CON 000FD5                    _IRCF0 007E9C                    _IRCF1 007E9D  
                  _IRCF2 007E9E                    i2l753 0048                    i2l755 0056  
                  i2l757 0058                    i2l759 0060                    ttemp5 0003  
                  ttemp6 0006                    ttemp7 000A                    wtemp8 0003  
        __initialization 0096             __end_of_main 0046                   ??_main 0001  
          __activetblptr 000000                   i2u1_40 0056                   i2u1_41 0052  
           ?_timer0_init 0001               __accesstop 0060  __end_of__initialization 0096  
          ___rparam_used 000001           __pcstackCOMRAM 0001       __size_of_port_init 0012  
                __Hparam 0000                  __Lparam 0000                  __pcinit 0096  
                __ramtop 0800     __size_of_timer0_init 0012                  __ptext0 0012  
                __ptext1 0066                  __ptext2 0078                  __ptext3 008A  
           __size_of_ISR 005E               _internal_8 008A           __pintcode_body 0046  
   end_of_initialization 0096                  int_func 0046        __end_of_port_init 008A  
              _PORTDbits 000F83                _PORTEbits 000F84                _TRISDbits 000F95  
            ?_internal_8 0001      start_initialization 0096              __end_of_ISR 0066  
    __size_of_internal_8 000C                __pintcode 0008                 _LATDbits 000F8C  
          ??_timer0_init 0001                _port_init 0078                 __Hrparam 0000  
               __Lrparam 0000               ?_port_init 0001      __end_of_timer0_init 0078  
           ??_internal_8 0001            __size_of_main 0034       __end_of_internal_8 0096  
               int$flags 0002               _INTCONbits 000FF2                 intlevel2 0000  
            _timer0_init 0066              ??_port_init 0001  
