

Microchip MPLAB XC8 Assembler V2.20 build 20200408173844 
                                                                                               Sun May 24 18:17:20 2020

Microchip MPLAB XC8 C Compiler v2.20 (Free license) build 20200408173844 Og1 
     1                           	processor	18F4550
     2                           	fnconf	rparam,??,?,0
     3                           	pagewidth 120
     4                           	opt	flic
     5                           	psect	cinit,global,reloc=2,class=CODE,delta=1
     6                           	psect	bssCOMRAM,global,class=COMRAM,space=1,delta=1,lowdata,noexec
     7                           	psect	cstackCOMRAM,global,class=COMRAM,space=1,delta=1,lowdata,noexec
     8                           	psect	text0,global,reloc=2,class=CODE,delta=1
     9                           	psect	text1,global,reloc=2,class=CODE,delta=1
    10                           	psect	text2,global,reloc=2,class=CODE,delta=1
    11                           	psect	text3,global,reloc=2,class=CODE,delta=1
    12                           	psect	intcode,global,reloc=2,class=CODE,delta=1
    13                           	psect	intcode_body,global,reloc=2,class=CODE,delta=1
    14                           	psect	intsave_regs,global,class=BIGRAM,space=1,delta=1,noexec
    15                           	psect	rparam,global,class=COMRAM,space=1,delta=1,noexec
    16                           	psect	temp,global,ovrld,common,class=COMRAM,space=1,delta=1
    17                           	psect	idloc,global,abs,ovrld,class=IDLOC,space=5,delta=1,noexec
    18                           	psect	config,global,abs,ovrld,class=CONFIG,space=4,delta=1,noexec
    19  0000                     
    20                           ; Version 2.20
    21                           ; Generated 12/02/2020 GMT
    22                           ; 
    23                           ; Copyright © 2020, Microchip Technology Inc. and its subsidiaries ("Microchip")
    24                           ; All rights reserved.
    25                           ; 
    26                           ; This software is developed by Microchip Technology Inc. and its subsidiaries ("Microch
      +                          ip").
    27                           ; 
    28                           ; Redistribution and use in source and binary forms, with or without modification, are
    29                           ; permitted provided that the following conditions are met:
    30                           ; 
    31                           ;     1. Redistributions of source code must retain the above copyright notice, this lis
      +                          t of
    32                           ;        conditions and the following disclaimer.
    33                           ; 
    34                           ;     2. Redistributions in binary form must reproduce the above copyright notice, this 
      +                          list
    35                           ;        of conditions and the following disclaimer in the documentation and/or other
    36                           ;        materials provided with the distribution.
    37                           ; 
    38                           ;     3. Microchip's name may not be used to endorse or promote products derived from th
      +                          is
    39                           ;        software without specific prior written permission.
    40                           ; 
    41                           ; THIS SOFTWARE IS PROVIDED BY MICROCHIP "AS IS" AND ANY EXPRESS OR IMPLIED WARRANTIES,
    42                           ; INCLUDING, BUT NOT LIMITED TO, THE IMPLIED WARRANTIES OF MERCHANTABILITY AND FITNESS F
      +                          OR
    43                           ; PURPOSE ARE DISCLAIMED.  IN NO EVENT SHALL MICROCHIP BE LIABLE FOR ANY DIRECT, INDIREC
      +                          T,
    44                           ; INCIDENTAL, SPECIAL, EXEMPLARY, OR CONSEQUENTIAL DAMAGES (INCLUDING BUT NOT LIMITED TO
    45                           ; PROCUREMENT OF SUBSTITUTE GOODS OR SERVICES; LOSS OF USE, DATA OR PROFITS; OR BUSINESS
    46                           ; INTERRUPTION) HOWSOEVER CAUSED AND ON ANY THEORY OF LIABILITY, WHETHER IN CONTRACT, ST
      +                          RICT
    47                           ; LIABILITY, OR TORT (INCLUDING NEGLIGENCE OR OTHERWISE) ARISING IN ANY WAY OUT OF THE U
      +                          SE OF
    48                           ; THIS SOFTWARE, EVEN IF ADVISED OF THE POSSIBILITY OF SUCH DAMAGE.
    49                           ; 
    50                           ; 
    51                           ; Code-generator required, PIC18F4550 Definitions
    52                           ; 
    53                           ; SFR Addresses
    54  0000                     _INTCONbits	set	4082
    55  0000                     _T0CONbits	set	4053
    56  0000                     _PORTEbits	set	3972
    57  0000                     _TRISDbits	set	3989
    58  0000                     _PORTDbits	set	3971
    59  0000                     _LATDbits	set	3980
    60  0000                     _TMR0L	set	4054
    61  0000                     _IRCF2	set	32414
    62  0000                     _IRCF1	set	32413
    63  0000                     _IRCF0	set	32412
    64  0000                     _SCS1	set	32409
    65  0000                     _SCS0	set	32408
    66                           
    67                           ; #config settings
    68                           
    69                           	psect	cinit
    70  00009A                     __pcinit:
    71                           	callstack 0
    72  00009A                     start_initialization:
    73                           	callstack 0
    74  00009A                     __initialization:
    75                           	callstack 0
    76                           
    77                           ; Clear objects allocated to COMRAM (1 bytes)
    78  00009A  6A01               	clrf	__pbssCOMRAM& (0+255),c
    79  00009C                     end_of_initialization:
    80                           	callstack 0
    81  00009C                     __end_of__initialization:
    82                           	callstack 0
    83  00009C  9003               	bcf	int$flags,0,c	;clear compiler interrupt flag (level 1)
    84  00009E  9203               	bcf	int$flags,1,c	;clear compiler interrupt flag (level 2)
    85  0000A0  0100               	movlb	0
    86  0000A2  EF09  F000         	goto	_main	;jump to C main() function
    87                           
    88                           	psect	bssCOMRAM
    89  000001                     __pbssCOMRAM:
    90                           	callstack 0
    91  000001                     ISR@count:
    92                           	callstack 0
    93  000001                     	ds	1
    94                           
    95                           	psect	cstackCOMRAM
    96  000002                     __pcstackCOMRAM:
    97                           	callstack 0
    98  000002                     ??_main:
    99                           
   100                           ; 1 bytes @ 0x0
   101  000002                     	ds	1
   102                           
   103 ;;
   104 ;;Main: autosize = 0, tempsize = 1, incstack = 0, save=0
   105 ;;
   106 ;; *************** function _main *****************
   107 ;; Defined at:
   108 ;;		line 29 in file "main.c"
   109 ;; Parameters:    Size  Location     Type
   110 ;;		None
   111 ;; Auto vars:     Size  Location     Type
   112 ;;		None
   113 ;; Return value:  Size  Location     Type
   114 ;;                  1    wreg      void 
   115 ;; Registers used:
   116 ;;		wreg, status,2, status,0, cstack
   117 ;; Tracked objects:
   118 ;;		On entry : 0/0
   119 ;;		On exit  : 0/0
   120 ;;		Unchanged: 0/0
   121 ;; Data sizes:     COMRAM   BANK0   BANK1   BANK2   BANK3   BANK4   BANK5   BANK6   BANK7
   122 ;;      Params:         0       0       0       0       0       0       0       0       0
   123 ;;      Locals:         0       0       0       0       0       0       0       0       0
   124 ;;      Temps:          1       0       0       0       0       0       0       0       0
   125 ;;      Totals:         1       0       0       0       0       0       0       0       0
   126 ;;Total ram usage:        1 bytes
   127 ;; Hardware stack levels required when called:    3
   128 ;; This function calls:
   129 ;;		_port_init
   130 ;;		_timer0_init
   131 ;; This function is called by:
   132 ;;		Startup code after reset
   133 ;; This function uses a non-reentrant model
   134 ;;
   135                           
   136                           	psect	text0
   137  000012                     __ptext0:
   138                           	callstack 0
   139  000012                     _main:
   140                           	callstack 28
   141  000012                     
   142                           ;main.c: 30:     port_init();
   143  000012  EC44  F000         	call	_port_init	;wreg free
   144  000016                     
   145                           ;main.c: 31:     timer0_init();
   146  000016  EC37  F000         	call	_timer0_init	;wreg free
   147  00001A                     l770:
   148                           
   149                           ;main.c: 35:        LATDbits.LATD1 = ~PORTDbits.RD0;
   150  00001A  B083               	btfsc	131,0,c	;volatile
   151  00001C  EF12  F000         	goto	u21
   152  000020  EF15  F000         	goto	u20
   153  000024                     u21:
   154  000024  0E01               	movlw	1
   155  000026  EF16  F000         	goto	u26
   156  00002A                     u20:
   157  00002A  0E00               	movlw	0
   158  00002C                     u26:
   159  00002C  0AFF               	xorlw	255
   160  00002E  6E02               	movwf	??_main^0,c
   161  000030  4602               	rlncf	??_main^0,f,c
   162  000032  508C               	movf	140,w,c	;volatile
   163  000034  1802               	xorwf	??_main^0,w,c
   164  000036  0BFD               	andlw	-3
   165  000038  1802               	xorwf	??_main^0,w,c
   166  00003A  6E8C               	movwf	140,c	;volatile
   167  00003C  EF0D  F000         	goto	l770
   168  000040  EF07  F000         	goto	start
   169  000044                     __end_of_main:
   170                           	callstack 0
   171                           
   172 ;; *************** function _timer0_init *****************
   173 ;; Defined at:
   174 ;;		line 57 in file "main.c"
   175 ;; Parameters:    Size  Location     Type
   176 ;;		None
   177 ;; Auto vars:     Size  Location     Type
   178 ;;		None
   179 ;; Return value:  Size  Location     Type
   180 ;;                  1    wreg      void 
   181 ;; Registers used:
   182 ;;		wreg, status,2
   183 ;; Tracked objects:
   184 ;;		On entry : 0/0
   185 ;;		On exit  : 0/0
   186 ;;		Unchanged: 0/0
   187 ;; Data sizes:     COMRAM   BANK0   BANK1   BANK2   BANK3   BANK4   BANK5   BANK6   BANK7
   188 ;;      Params:         0       0       0       0       0       0       0       0       0
   189 ;;      Locals:         0       0       0       0       0       0       0       0       0
   190 ;;      Temps:          0       0       0       0       0       0       0       0       0
   191 ;;      Totals:         0       0       0       0       0       0       0       0       0
   192 ;;Total ram usage:        0 bytes
   193 ;; Hardware stack levels used:    1
   194 ;; Hardware stack levels required when called:    1
   195 ;; This function calls:
   196 ;;		Nothing
   197 ;; This function is called by:
   198 ;;		_main
   199 ;; This function uses a non-reentrant model
   200 ;;
   201                           
   202                           	psect	text1
   203  00006E                     __ptext1:
   204                           	callstack 0
   205  00006E                     _timer0_init:
   206                           	callstack 29
   207  00006E                     
   208                           ;main.c: 58:     T0CONbits.TMR0ON = 1;
   209  00006E  8ED5               	bsf	213,7,c	;volatile
   210                           
   211                           ;main.c: 59:     T0CONbits.T08BIT = 1;
   212  000070  8CD5               	bsf	213,6,c	;volatile
   213                           
   214                           ;main.c: 60:     T0CONbits.T0CS = 0;
   215  000072  9AD5               	bcf	213,5,c	;volatile
   216                           
   217                           ;main.c: 61:     T0CONbits.T0SE = 0;
   218  000074  98D5               	bcf	213,4,c	;volatile
   219                           
   220                           ;main.c: 62:     T0CONbits.PSA = 0;
   221  000076  96D5               	bcf	213,3,c	;volatile
   222                           
   223                           ;main.c: 63:     T0CONbits.T0PS0 = 1;
   224  000078  80D5               	bsf	213,0,c	;volatile
   225                           
   226                           ;main.c: 64:     T0CONbits.T0PS1 = 1;
   227  00007A  82D5               	bsf	213,1,c	;volatile
   228                           
   229                           ;main.c: 65:     T0CONbits.T0PS2 = 1;
   230  00007C  84D5               	bsf	213,2,c	;volatile
   231  00007E                     
   232                           ;main.c: 66:     TMR0L = 0;
   233  00007E  0E00               	movlw	0
   234  000080  6ED6               	movwf	214,c	;volatile
   235  000082                     
   236                           ;main.c: 67:     INTCONbits.TMR0IE = 1;
   237  000082  8AF2               	bsf	242,5,c	;volatile
   238  000084                     
   239                           ;main.c: 68:     INTCONbits.GIE = 1;
   240  000084  8EF2               	bsf	242,7,c	;volatile
   241  000086  0012               	return		;funcret
   242  000088                     __end_of_timer0_init:
   243                           	callstack 0
   244                           
   245 ;; *************** function _port_init *****************
   246 ;; Defined at:
   247 ;;		line 44 in file "main.c"
   248 ;; Parameters:    Size  Location     Type
   249 ;;		None
   250 ;; Auto vars:     Size  Location     Type
   251 ;;		None
   252 ;; Return value:  Size  Location     Type
   253 ;;                  1    wreg      void 
   254 ;; Registers used:
   255 ;;		cstack
   256 ;; Tracked objects:
   257 ;;		On entry : 0/0
   258 ;;		On exit  : 0/0
   259 ;;		Unchanged: 0/0
   260 ;; Data sizes:     COMRAM   BANK0   BANK1   BANK2   BANK3   BANK4   BANK5   BANK6   BANK7
   261 ;;      Params:         0       0       0       0       0       0       0       0       0
   262 ;;      Locals:         0       0       0       0       0       0       0       0       0
   263 ;;      Temps:          0       0       0       0       0       0       0       0       0
   264 ;;      Totals:         0       0       0       0       0       0       0       0       0
   265 ;;Total ram usage:        0 bytes
   266 ;; Hardware stack levels used:    1
   267 ;; Hardware stack levels required when called:    2
   268 ;; This function calls:
   269 ;;		_internal_8
   270 ;; This function is called by:
   271 ;;		_main
   272 ;; This function uses a non-reentrant model
   273 ;;
   274                           
   275                           	psect	text2
   276  000088                     __ptext2:
   277                           	callstack 0
   278  000088                     _port_init:
   279                           	callstack 28
   280  000088                     
   281                           ;main.c: 45:     internal_8();
   282  000088  EC53  F000         	call	_internal_8	;wreg free
   283  00008C                     
   284                           ;main.c: 46:     TRISDbits.TRISD1 = 0;
   285  00008C  9295               	bcf	149,1,c	;volatile
   286  00008E                     
   287                           ;main.c: 47:     TRISDbits.TRISD2 = 0;
   288  00008E  9495               	bcf	149,2,c	;volatile
   289  000090                     
   290                           ;main.c: 49:     PORTEbits.RDPU = 1;
   291  000090  8E84               	bsf	132,7,c	;volatile
   292  000092                     
   293                           ;main.c: 50:     TRISDbits.TRISD0 = 1;
   294  000092  8095               	bsf	149,0,c	;volatile
   295  000094                     
   296                           ;main.c: 51:     LATDbits.LATD1 = 0;
   297  000094  928C               	bcf	140,1,c	;volatile
   298  000096                     
   299                           ;main.c: 52:     LATDbits.LATD2 = 0;
   300  000096  948C               	bcf	140,2,c	;volatile
   301  000098  0012               	return		;funcret
   302  00009A                     __end_of_port_init:
   303                           	callstack 0
   304                           
   305 ;; *************** function _internal_8 *****************
   306 ;; Defined at:
   307 ;;		line 11 in file "18F4550_Internal.c"
   308 ;; Parameters:    Size  Location     Type
   309 ;;		None
   310 ;; Auto vars:     Size  Location     Type
   311 ;;		None
   312 ;; Return value:  Size  Location     Type
   313 ;;                  1    wreg      void 
   314 ;; Registers used:
   315 ;;		None
   316 ;; Tracked objects:
   317 ;;		On entry : 0/0
   318 ;;		On exit  : 0/0
   319 ;;		Unchanged: 0/0
   320 ;; Data sizes:     COMRAM   BANK0   BANK1   BANK2   BANK3   BANK4   BANK5   BANK6   BANK7
   321 ;;      Params:         0       0       0       0       0       0       0       0       0
   322 ;;      Locals:         0       0       0       0       0       0       0       0       0
   323 ;;      Temps:          0       0       0       0       0       0       0       0       0
   324 ;;      Totals:         0       0       0       0       0       0       0       0       0
   325 ;;Total ram usage:        0 bytes
   326 ;; Hardware stack levels used:    1
   327 ;; Hardware stack levels required when called:    1
   328 ;; This function calls:
   329 ;;		Nothing
   330 ;; This function is called by:
   331 ;;		_port_init
   332 ;; This function uses a non-reentrant model
   333 ;;
   334                           
   335                           	psect	text3
   336  0000A6                     __ptext3:
   337                           	callstack 0
   338  0000A6                     _internal_8:
   339                           	callstack 28
   340  0000A6  90D3               	bcf	4051,0,c	;volatile
   341  0000A8  92D3               	bcf	4051,1,c	;volatile
   342  0000AA  88D3               	bsf	4051,4,c	;volatile
   343  0000AC  8AD3               	bsf	4051,5,c	;volatile
   344  0000AE  8CD3               	bsf	4051,6,c	;volatile
   345  0000B0  0012               	return		;funcret
   346  0000B2                     __end_of_internal_8:
   347                           	callstack 0
   348                           
   349 ;; *************** function _ISR *****************
   350 ;; Defined at:
   351 ;;		line 15 in file "main.c"
   352 ;; Parameters:    Size  Location     Type
   353 ;;		None
   354 ;; Auto vars:     Size  Location     Type
   355 ;;		None
   356 ;; Return value:  Size  Location     Type
   357 ;;                  1    wreg      void 
   358 ;; Registers used:
   359 ;;		wreg, status,2, status,0
   360 ;; Tracked objects:
   361 ;;		On entry : 0/0
   362 ;;		On exit  : 0/0
   363 ;;		Unchanged: 0/0
   364 ;; Data sizes:     COMRAM   BANK0   BANK1   BANK2   BANK3   BANK4   BANK5   BANK6   BANK7
   365 ;;      Params:         0       0       0       0       0       0       0       0       0
   366 ;;      Locals:         0       0       0       0       0       0       0       0       0
   367 ;;      Temps:          0       0       0       0       0       0       0       0       0
   368 ;;      Totals:         0       0       0       0       0       0       0       0       0
   369 ;;Total ram usage:        0 bytes
   370 ;; Hardware stack levels used:    1
   371 ;; This function calls:
   372 ;;		Nothing
   373 ;; This function is called by:
   374 ;;		Interrupt level 2
   375 ;; This function uses a non-reentrant model
   376 ;;
   377                           
   378                           	psect	intcode
   379  000008                     __pintcode:
   380                           	callstack 0
   381  000008                     _ISR:
   382                           	callstack 28
   383                           
   384                           ;incstack = 0
   385  000008  8203               	bsf	int$flags,1,c	;set compiler interrupt flag (level 2)
   386  00000A  ED22  F000         	call	int_func,f	;refresh shadow registers
   387                           
   388                           	psect	intcode_body
   389  000044                     __pintcode_body:
   390                           	callstack 28
   391  000044                     int_func:
   392                           	callstack 28
   393  000044  0006               	pop		; remove dummy address from shadow register refresh
   394  000046                     
   395                           ;main.c: 17:        static uint8_t count = 0;;main.c: 18:         TMR0L = 0;
   396  000046  0E00               	movlw	0
   397  000048  6ED6               	movwf	214,c	;volatile
   398  00004A                     
   399                           ;main.c: 19:         count++;
   400  00004A  2A01               	incf	ISR@count^0,f,c
   401  00004C                     
   402                           ;main.c: 20:         if(count == 31){
   403  00004C  0E1F               	movlw	31
   404  00004E  1801               	xorwf	ISR@count^0,w,c
   405  000050  A4D8               	btfss	status,2,c
   406  000052  EF2D  F000         	goto	i2u1_41
   407  000056  EF2F  F000         	goto	i2u1_40
   408  00005A                     i2u1_41:
   409  00005A  EF34  F000         	goto	i2l27
   410  00005E                     i2u1_40:
   411  00005E                     
   412                           ;main.c: 21:             LATDbits.LATD2 = 1;
   413  00005E  848C               	bsf	140,2,c	;volatile
   414  000060                     
   415                           ;main.c: 22:             count = 0;
   416  000060  0E00               	movlw	0
   417  000062  6E01               	movwf	ISR@count^0,c
   418                           
   419                           ;main.c: 23:         }else
   420  000064  EF35  F000         	goto	i2l29
   421  000068                     i2l27:
   422                           
   423                           ;main.c: 24:         {;main.c: 25:             LATDbits.LATD2 = 0;
   424  000068  948C               	bcf	140,2,c	;volatile
   425  00006A                     i2l29:
   426  00006A  9203               	bcf	int$flags,1,c	;clear compiler interrupt flag (level 2)
   427  00006C  0011               	retfie		f
   428  00006E                     __end_of_ISR:
   429                           	callstack 0
   430  0000                     
   431                           	psect	rparam
   432  0000                     
   433                           	psect	temp
   434  000003                     btemp:
   435                           	callstack 0
   436  000003                     	ds	1
   437  0000                     int$flags	set	btemp
   438  0000                     wtemp8	set	btemp+1
   439  0000                     ttemp5	set	btemp+1
   440  0000                     ttemp6	set	btemp+4
   441  0000                     ttemp7	set	btemp+8
   442                           
   443                           	psect	idloc
   444                           
   445                           ;Config register IDLOC0 @ 0x200000
   446                           ;	unspecified, using default values
   447  200000                     	org	2097152
   448  200000  FF                 	db	255
   449                           
   450                           ;Config register IDLOC1 @ 0x200001
   451                           ;	unspecified, using default values
   452  200001                     	org	2097153
   453  200001  FF                 	db	255
   454                           
   455                           ;Config register IDLOC2 @ 0x200002
   456                           ;	unspecified, using default values
   457  200002                     	org	2097154
   458  200002  FF                 	db	255
   459                           
   460                           ;Config register IDLOC3 @ 0x200003
   461                           ;	unspecified, using default values
   462  200003                     	org	2097155
   463  200003  FF                 	db	255
   464                           
   465                           ;Config register IDLOC4 @ 0x200004
   466                           ;	unspecified, using default values
   467  200004                     	org	2097156
   468  200004  FF                 	db	255
   469                           
   470                           ;Config register IDLOC5 @ 0x200005
   471                           ;	unspecified, using default values
   472  200005                     	org	2097157
   473  200005  FF                 	db	255
   474                           
   475                           ;Config register IDLOC6 @ 0x200006
   476                           ;	unspecified, using default values
   477  200006                     	org	2097158
   478  200006  FF                 	db	255
   479                           
   480                           ;Config register IDLOC7 @ 0x200007
   481                           ;	unspecified, using default values
   482  200007                     	org	2097159
   483  200007  FF                 	db	255
   484                           
   485                           	psect	config
   486                           
   487                           ;Config register CONFIG1L @ 0x300000
   488                           ;	PLL Prescaler Selection bits
   489                           ;	PLLDIV = 2, Divide by 2 (8 MHz oscillator input)
   490                           ;	System Clock Postscaler Selection bits
   491                           ;	CPUDIV = OSC1_PLL2, [Primary Oscillator Src: /1][96 MHz PLL Src: /2]
   492                           ;	USB Clock Selection bit (used in Full-Speed USB mode only; UCFG:FSEN = 1)
   493                           ;	USBDIV = 1, USB clock source comes directly from the primary oscillator block with no 
      +                          postscale
   494  300000                     	org	3145728
   495  300000  01                 	db	1
   496                           
   497                           ;Config register CONFIG1H @ 0x300001
   498                           ;	Oscillator Selection bits
   499                           ;	FOSC = INTOSC_EC, Internal oscillator, CLKO function on RA6, EC used by USB (INTCKO)
   500                           ;	Fail-Safe Clock Monitor Enable bit
   501                           ;	FCMEN = OFF, Fail-Safe Clock Monitor disabled
   502                           ;	Internal/External Oscillator Switchover bit
   503                           ;	IESO = ON, Oscillator Switchover mode enabled
   504  300001                     	org	3145729
   505  300001  89                 	db	137
   506                           
   507                           ;Config register CONFIG2L @ 0x300002
   508                           ;	Power-up Timer Enable bit
   509                           ;	PWRT = OFF, PWRT disabled
   510                           ;	Brown-out Reset Enable bits
   511                           ;	BOR = ON, Brown-out Reset enabled in hardware only (SBOREN is disabled)
   512                           ;	Brown-out Reset Voltage bits
   513                           ;	BORV = 3, Minimum setting 2.05V
   514                           ;	USB Voltage Regulator Enable bit
   515                           ;	VREGEN = OFF, USB voltage regulator disabled
   516  300002                     	org	3145730
   517  300002  1F                 	db	31
   518                           
   519                           ;Config register CONFIG2H @ 0x300003
   520                           ;	Watchdog Timer Enable bit
   521                           ;	WDT = OFF, WDT disabled (control is placed on the SWDTEN bit)
   522                           ;	Watchdog Timer Postscale Select bits
   523                           ;	WDTPS = 0xF, unprogrammed default
   524  300003                     	org	3145731
   525  300003  1E                 	db	30
   526                           
   527                           ; Padding undefined space
   528  300004                     	org	3145732
   529  300004  FF                 	db	255
   530                           
   531                           ;Config register CONFIG3H @ 0x300005
   532                           ;	CCP2 MUX bit
   533                           ;	CCP2MX = ON, CCP2 input/output is multiplexed with RC1
   534                           ;	PORTB A/D Enable bit
   535                           ;	PBADEN = ON, PORTB<4:0> pins are configured as analog input channels on Reset
   536                           ;	Low-Power Timer 1 Oscillator Enable bit
   537                           ;	LPT1OSC = OFF, Timer1 configured for higher power operation
   538                           ;	MCLR Pin Enable bit
   539                           ;	MCLRE = OFF, RE3 input pin enabled; MCLR pin disabled
   540  300005                     	org	3145733
   541  300005  03                 	db	3
   542                           
   543                           ;Config register CONFIG4L @ 0x300006
   544                           ;	Stack Full/Underflow Reset Enable bit
   545                           ;	STVREN = ON, Stack full/underflow will cause Reset
   546                           ;	Single-Supply ICSP Enable bit
   547                           ;	LVP = OFF, Single-Supply ICSP disabled
   548                           ;	Dedicated In-Circuit Debug/Programming Port (ICPORT) Enable bit
   549                           ;	ICPRT = OFF, ICPORT disabled
   550                           ;	Extended Instruction Set Enable bit
   551                           ;	XINST = OFF, Instruction set extension and Indexed Addressing mode disabled (Legacy mo
      +                          de)
   552                           ;	Background Debugger Enable bit
   553                           ;	DEBUG = 0x1, unprogrammed default
   554  300006                     	org	3145734
   555  300006  81                 	db	129
   556                           
   557                           ; Padding undefined space
   558  300007                     	org	3145735
   559  300007  FF                 	db	255
   560                           
   561                           ;Config register CONFIG5L @ 0x300008
   562                           ;	Code Protection bit
   563                           ;	CP0 = OFF, Block 0 (000800-001FFFh) is not code-protected
   564                           ;	Code Protection bit
   565                           ;	CP1 = OFF, Block 1 (002000-003FFFh) is not code-protected
   566                           ;	Code Protection bit
   567                           ;	CP2 = OFF, Block 2 (004000-005FFFh) is not code-protected
   568                           ;	Code Protection bit
   569                           ;	CP3 = OFF, Block 3 (006000-007FFFh) is not code-protected
   570  300008                     	org	3145736
   571  300008  0F                 	db	15
   572                           
   573                           ;Config register CONFIG5H @ 0x300009
   574                           ;	Boot Block Code Protection bit
   575                           ;	CPB = OFF, Boot block (000000-0007FFh) is not code-protected
   576                           ;	Data EEPROM Code Protection bit
   577                           ;	CPD = OFF, Data EEPROM is not code-protected
   578  300009                     	org	3145737
   579  300009  C0                 	db	192
   580                           
   581                           ;Config register CONFIG6L @ 0x30000A
   582                           ;	Write Protection bit
   583                           ;	WRT0 = OFF, Block 0 (000800-001FFFh) is not write-protected
   584                           ;	Write Protection bit
   585                           ;	WRT1 = OFF, Block 1 (002000-003FFFh) is not write-protected
   586                           ;	Write Protection bit
   587                           ;	WRT2 = OFF, Block 2 (004000-005FFFh) is not write-protected
   588                           ;	Write Protection bit
   589                           ;	WRT3 = OFF, Block 3 (006000-007FFFh) is not write-protected
   590  30000A                     	org	3145738
   591  30000A  0F                 	db	15
   592                           
   593                           ;Config register CONFIG6H @ 0x30000B
   594                           ;	Configuration Register Write Protection bit
   595                           ;	WRTC = OFF, Configuration registers (300000-3000FFh) are not write-protected
   596                           ;	Boot Block Write Protection bit
   597                           ;	WRTB = OFF, Boot block (000000-0007FFh) is not write-protected
   598                           ;	Data EEPROM Write Protection bit
   599                           ;	WRTD = OFF, Data EEPROM is not write-protected
   600  30000B                     	org	3145739
   601  30000B  E0                 	db	224
   602                           
   603                           ;Config register CONFIG7L @ 0x30000C
   604                           ;	Table Read Protection bit
   605                           ;	EBTR0 = OFF, Block 0 (000800-001FFFh) is not protected from table reads executed in ot
      +                          her blocks
   606                           ;	Table Read Protection bit
   607                           ;	EBTR1 = OFF, Block 1 (002000-003FFFh) is not protected from table reads executed in ot
      +                          her blocks
   608                           ;	Table Read Protection bit
   609                           ;	EBTR2 = OFF, Block 2 (004000-005FFFh) is not protected from table reads executed in ot
      +                          her blocks
   610                           ;	Table Read Protection bit
   611                           ;	EBTR3 = OFF, Block 3 (006000-007FFFh) is not protected from table reads executed in ot
      +                          her blocks
   612  30000C                     	org	3145740
   613  30000C  0F                 	db	15
   614                           
   615                           ;Config register CONFIG7H @ 0x30000D
   616                           ;	Boot Block Table Read Protection bit
   617                           ;	EBTRB = OFF, Boot block (000000-0007FFh) is not protected from table reads executed in
      +                           other blocks
   618  30000D                     	org	3145741
   619  30000D  40                 	db	64
   620                           tosu	equ	0xFFF
   621                           tosh	equ	0xFFE
   622                           tosl	equ	0xFFD
   623                           stkptr	equ	0xFFC
   624                           pclatu	equ	0xFFB
   625                           pclath	equ	0xFFA
   626                           pcl	equ	0xFF9
   627                           tblptru	equ	0xFF8
   628                           tblptrh	equ	0xFF7
   629                           tblptrl	equ	0xFF6
   630                           tablat	equ	0xFF5
   631                           prodh	equ	0xFF4
   632                           prodl	equ	0xFF3
   633                           indf0	equ	0xFEF
   634                           postinc0	equ	0xFEE
   635                           postdec0	equ	0xFED
   636                           preinc0	equ	0xFEC
   637                           plusw0	equ	0xFEB
   638                           fsr0h	equ	0xFEA
   639                           fsr0l	equ	0xFE9
   640                           wreg	equ	0xFE8
   641                           indf1	equ	0xFE7
   642                           postinc1	equ	0xFE6
   643                           postdec1	equ	0xFE5
   644                           preinc1	equ	0xFE4
   645                           plusw1	equ	0xFE3
   646                           fsr1h	equ	0xFE2
   647                           fsr1l	equ	0xFE1
   648                           bsr	equ	0xFE0
   649                           indf2	equ	0xFDF
   650                           postinc2	equ	0xFDE
   651                           postdec2	equ	0xFDD
   652                           preinc2	equ	0xFDC
   653                           plusw2	equ	0xFDB
   654                           fsr2h	equ	0xFDA
   655                           fsr2l	equ	0xFD9
   656                           status	equ	0xFD8

Data Sizes:
    Strings     0
    Constant    0
    Data        0
    BSS         1
    Persistent  0
    Stack       0

Auto Spaces:
    Space          Size  Autos    Used
    COMRAM           94      1       2
    BANK0           160      0       0
    BANK1           256      0       0
    BANK2           256      0       0
    BANK3           256      0       0
    BANK4           256      0       0
    BANK5           256      0       0
    BANK6           256      0       0
    BANK7           256      0       0

Pointer List with Targets:

    None.

Critical Paths under _main in COMRAM

    None.

Critical Paths under _ISR in COMRAM

    None.

Critical Paths under _main in BANK0

    None.

Critical Paths under _ISR in BANK0

    None.

Critical Paths under _main in BANK1

    None.

Critical Paths under _ISR in BANK1

    None.

Critical Paths under _main in BANK2

    None.

Critical Paths under _ISR in BANK2

    None.

Critical Paths under _main in BANK3

    None.

Critical Paths under _ISR in BANK3

    None.

Critical Paths under _main in BANK4

    None.

Critical Paths under _ISR in BANK4

    None.

Critical Paths under _main in BANK5

    None.

Critical Paths under _ISR in BANK5

    None.

Critical Paths under _main in BANK6

    None.

Critical Paths under _ISR in BANK6

    None.

Critical Paths under _main in BANK7

    None.

Critical Paths under _ISR in BANK7

    None.

Call Graph Tables:

 ---------------------------------------------------------------------------------
 (Depth) Function   	        Calls       Base Space   Used Autos Params    Refs
 ---------------------------------------------------------------------------------
 (0) _main                                                 1     1      0       0
                                              0 COMRAM     1     1      0
                          _port_init
                        _timer0_init
 ---------------------------------------------------------------------------------
 (1) _timer0_init                                          0     0      0       0
 ---------------------------------------------------------------------------------
 (1) _port_init                                            0     0      0       0
                         _internal_8
 ---------------------------------------------------------------------------------
 (2) _internal_8                                           0     0      0       0
 ---------------------------------------------------------------------------------
 Estimated maximum stack depth 2
 ---------------------------------------------------------------------------------
 (Depth) Function   	        Calls       Base Space   Used Autos Params    Refs
 ---------------------------------------------------------------------------------
 (3) _ISR                                                  0     0      0       0
 ---------------------------------------------------------------------------------
 Estimated maximum stack depth 3
 ---------------------------------------------------------------------------------

 Call Graph Graphs:

 _main (ROOT)
   _port_init
     _internal_8
   _timer0_init

 _ISR (ROOT)

 Address spaces:
Name               Size   Autos  Total    Cost      Usage
BIGRAM             7FF      0       0      21        0.0%
EEDATA             100      0       0       0        0.0%
BITBANK7           100      0       0      18        0.0%
BANK7              100      0       0      19        0.0%
BITBANK6           100      0       0      16        0.0%
BANK6              100      0       0      17        0.0%
BITBANK5           100      0       0      14        0.0%
BANK5              100      0       0      15        0.0%
BITBANK4           100      0       0      12        0.0%
BANK4              100      0       0      13        0.0%
BITBANK3           100      0       0      10        0.0%
BANK3              100      0       0      11        0.0%
BITBANK2           100      0       0       8        0.0%
BANK2              100      0       0       9        0.0%
BITBANK1           100      0       0       6        0.0%
BANK1              100      0       0       7        0.0%
BITBANK0            A0      0       0       4        0.0%
BANK0               A0      0       0       5        0.0%
BITCOMRAM           5E      0       0       0        0.0%
COMRAM              5E      1       2       1        2.1%
BITSFR               0      0       0     200        0.0%
SFR                  0      0       0     200        0.0%
STACK                0      0       0       2        0.0%
NULL                 0      0       0       0        0.0%
ABS                  0      0       2      20        0.0%
DATA                 0      0       2       3        0.0%
CODE                 0      0       0       0        0.0%


Microchip Technology PIC18 Macro Assembler V2.20 build 20200408173844 
Symbol Table                                                                                   Sun May 24 18:17:20 2020

                     l40 0098                       l43 0086                       l56 00B0  
                     u20 002A                       u21 0024                       u26 002C  
                    l732 00A6                      l740 0090                      l742 0092  
                    l734 0088                      l750 007E                      l744 0094  
                    l736 008C                      l752 0082                      l746 0096  
                    l738 008E                      l754 0084                      l770 001A  
                    l748 006E                      l766 0012                      l768 0016  
                    _ISR 0008                     ?_ISR 0002                     _SCS0 007E98  
                   i2l27 0068                     _SCS1 007E99                     i2l29 006A  
                   _main 0012                     btemp 0003                     start 000E  
           ___param_bank 000000                    ??_ISR 0002                    ?_main 0002  
                  _IRCF0 007E9C                    _IRCF1 007E9D                    _IRCF2 007E9E  
                  i2l760 004C                    i2l762 005E                    i2l764 0060  
                  i2l756 0046                    i2l758 004A                    _TMR0L 000FD6  
                  ttemp5 0004                    ttemp6 0007                    ttemp7 000B  
                  status 000FD8                    wtemp8 0004          __initialization 009A  
           __end_of_main 0044                   ??_main 0002            __activetblptr 000000  
                 i2u1_40 005E                   i2u1_41 005A             ?_timer0_init 0002  
             __accesstop 0060  __end_of__initialization 009C            ___rparam_used 000001  
         __pcstackCOMRAM 0002       __size_of_port_init 0012                  __Hparam 0000  
                __Lparam 0000                  __pcinit 009A                  __ramtop 0800  
   __size_of_timer0_init 001A                  __ptext0 0012                  __ptext1 006E  
                __ptext2 0088                  __ptext3 00A6                _T0CONbits 000FD5  
           __size_of_ISR 0066               _internal_8 00A6           __pintcode_body 0044  
   end_of_initialization 009C                  int_func 0044        __end_of_port_init 009A  
              _PORTDbits 000F83                _PORTEbits 000F84                _TRISDbits 000F95  
            ?_internal_8 0002      start_initialization 009A              __end_of_ISR 006E  
            __pbssCOMRAM 0001                 ISR@count 0001      __size_of_internal_8 000C  
              __pintcode 0008                 _LATDbits 000F8C            ??_timer0_init 0002  
              _port_init 0088                 __Hrparam 0000                 __Lrparam 0000  
             ?_port_init 0002      __end_of_timer0_init 0088             ??_internal_8 0002  
          __size_of_main 0032       __end_of_internal_8 00B2                 int$flags 0003  
             _INTCONbits 000FF2                 intlevel2 0000              _timer0_init 006E  
            ??_port_init 0002  
